  glad.c
  WindowManager.cpp
  Shape.cpp
c:\users\gyatso\google drive\documents\1. cal poly\1. y3q3\csc 474\projects\program 1\progterrain\src\shape.cpp(65): warning C4018: '<': signed/unsigned mismatch
  Program.cpp
  MatrixStack.cpp
  main.cpp
c:\users\gyatso\google drive\documents\1. cal poly\1. y3q3\csc 474\projects\program 1\progterrain\src\main.cpp(74): warning C4244: '=': conversion from 'double' to 'float', possible loss of data
c:\users\gyatso\google drive\documents\1. cal poly\1. y3q3\csc 474\projects\program 1\progterrain\src\main.cpp(78): warning C4244: '=': conversion from 'double' to 'float', possible loss of data
c:\users\gyatso\google drive\documents\1. cal poly\1. y3q3\csc 474\projects\program 1\progterrain\src\main.cpp(82): warning C4244: '=': conversion from 'double' to 'float', possible loss of data
c:\users\gyatso\google drive\documents\1. cal poly\1. y3q3\csc 474\projects\program 1\progterrain\src\main.cpp(84): warning C4244: '=': conversion from 'double' to 'float', possible loss of data
c:\users\gyatso\google drive\documents\1. cal poly\1. y3q3\csc 474\projects\program 1\progterrain\src\main.cpp(88): warning C4244: '=': conversion from 'double' to 'float', possible loss of data
c:\users\gyatso\google drive\documents\1. cal poly\1. y3q3\csc 474\projects\program 1\progterrain\src\main.cpp(90): warning C4244: '=': conversion from 'double' to 'float', possible loss of data
c:\users\gyatso\google drive\documents\1. cal poly\1. y3q3\csc 474\projects\program 1\progterrain\src\main.cpp(94): warning C4244: '=': conversion from 'double' to 'float', possible loss of data
c:\users\gyatso\google drive\documents\1. cal poly\1. y3q3\csc 474\projects\program 1\progterrain\src\main.cpp(96): warning C4244: '=': conversion from 'double' to 'float', possible loss of data
c:\users\gyatso\google drive\documents\1. cal poly\1. y3q3\csc 474\projects\program 1\progterrain\src\main.cpp(321): warning C4305: 'initializing': truncation from 'double' to 'float'
c:\users\gyatso\google drive\documents\1. cal poly\1. y3q3\csc 474\projects\program 1\progterrain\src\main.cpp(1318): warning C4244: '+=': conversion from 'double' to 'float', possible loss of data
c:\users\gyatso\google drive\documents\1. cal poly\1. y3q3\csc 474\projects\program 1\progterrain\src\main.cpp(1320): warning C4305: '=': truncation from 'double' to 'float'
c:\users\gyatso\google drive\documents\1. cal poly\1. y3q3\csc 474\projects\program 1\progterrain\src\main.cpp(1322): warning C4305: 'initializing': truncation from 'double' to 'float'
c:\users\gyatso\google drive\documents\1. cal poly\1. y3q3\csc 474\projects\program 1\progterrain\src\main.cpp(1383): warning C4244: '=': conversion from 'double' to 'int', possible loss of data
c:\users\gyatso\google drive\documents\1. cal poly\1. y3q3\csc 474\projects\program 1\progterrain\src\main.cpp(1483): warning C4244: 'initializing': conversion from 'double' to 'float', possible loss of data
c:\users\gyatso\google drive\documents\1. cal poly\1. y3q3\csc 474\projects\program 1\progterrain\src\main.cpp(1535): warning C4244: '=': conversion from 'double' to 'float', possible loss of data
c:\users\gyatso\google drive\documents\1. cal poly\1. y3q3\csc 474\projects\program 1\progterrain\src\main.cpp(1572): warning C4244: '=': conversion from 'int' to 'float', possible loss of data
c:\users\gyatso\google drive\documents\1. cal poly\1. y3q3\csc 474\projects\program 1\progterrain\src\main.cpp(1573): warning C4244: '=': conversion from 'int' to 'float', possible loss of data
  line.cpp
c:\users\gyatso\google drive\documents\1. cal poly\1. y3q3\csc 474\projects\program 1\progterrain\src\line.cpp(148): warning C4018: '<': signed/unsigned mismatch
c:\users\gyatso\google drive\documents\1. cal poly\1. y3q3\csc 474\projects\program 1\progterrain\src\line.cpp(172): warning C4018: '<': signed/unsigned mismatch
c:\users\gyatso\google drive\documents\1. cal poly\1. y3q3\csc 474\projects\program 1\progterrain\src\line.cpp(175): warning C4244: '=': conversion from 'double' to 'float', possible loss of data
c:\users\gyatso\google drive\documents\1. cal poly\1. y3q3\csc 474\projects\program 1\progterrain\src\line.cpp(176): warning C4244: '=': conversion from 'double' to 'float', possible loss of data
c:\users\gyatso\google drive\documents\1. cal poly\1. y3q3\csc 474\projects\program 1\progterrain\src\line.cpp(177): warning C4244: '=': conversion from 'double' to 'float', possible loss of data
c:\users\gyatso\google drive\documents\1. cal poly\1. y3q3\csc 474\projects\program 1\progterrain\src\line.cpp(181): warning C4244: '=': conversion from 'double' to 'float', possible loss of data
c:\users\gyatso\google drive\documents\1. cal poly\1. y3q3\csc 474\projects\program 1\progterrain\src\line.cpp(182): warning C4244: '=': conversion from 'double' to 'float', possible loss of data
c:\users\gyatso\google drive\documents\1. cal poly\1. y3q3\csc 474\projects\program 1\progterrain\src\line.cpp(183): warning C4244: '=': conversion from 'double' to 'float', possible loss of data
c:\users\gyatso\google drive\documents\1. cal poly\1. y3q3\csc 474\projects\program 1\progterrain\src\line.cpp(197): warning C4018: '<': signed/unsigned mismatch
c:\users\gyatso\google drive\documents\1. cal poly\1. y3q3\csc 474\projects\program 1\progterrain\src\line.cpp(138): warning C4101: 'first': unreferenced local variable
c:\users\gyatso\google drive\documents\1. cal poly\1. y3q3\csc 474\projects\program 1\progterrain\src\line.cpp(138): warning C4101: 'last': unreferenced local variable
  GLSL.cpp
  Generating Code...
c:\users\gyatso\google drive\documents\1. cal poly\1. y3q3\csc 474\projects\program 1\progterrain\src\line.cpp(82): warning C4715: 'Line::init': not all control paths return a value
glfw3.lib(context.obj) : warning LNK4099: PDB 'glfw.pdb' was not found with 'glfw3.lib(context.obj)' or at 'C:\Users\Gyatso\Google Drive\Documents\1. Cal Poly\1. Y3Q3\CSC 474\Projects\Program 1\progterrain\Debug\glfw.pdb'; linking object as if no debug info
glfw3.lib(init.obj) : warning LNK4099: PDB 'glfw.pdb' was not found with 'glfw3.lib(init.obj)' or at 'C:\Users\Gyatso\Google Drive\Documents\1. Cal Poly\1. Y3Q3\CSC 474\Projects\Program 1\progterrain\Debug\glfw.pdb'; linking object as if no debug info
glfw3.lib(input.obj) : warning LNK4099: PDB 'glfw.pdb' was not found with 'glfw3.lib(input.obj)' or at 'C:\Users\Gyatso\Google Drive\Documents\1. Cal Poly\1. Y3Q3\CSC 474\Projects\Program 1\progterrain\Debug\glfw.pdb'; linking object as if no debug info
glfw3.lib(monitor.obj) : warning LNK4099: PDB 'glfw.pdb' was not found with 'glfw3.lib(monitor.obj)' or at 'C:\Users\Gyatso\Google Drive\Documents\1. Cal Poly\1. Y3Q3\CSC 474\Projects\Program 1\progterrain\Debug\glfw.pdb'; linking object as if no debug info
glfw3.lib(vulkan.obj) : warning LNK4099: PDB 'glfw.pdb' was not found with 'glfw3.lib(vulkan.obj)' or at 'C:\Users\Gyatso\Google Drive\Documents\1. Cal Poly\1. Y3Q3\CSC 474\Projects\Program 1\progterrain\Debug\glfw.pdb'; linking object as if no debug info
glfw3.lib(window.obj) : warning LNK4099: PDB 'glfw.pdb' was not found with 'glfw3.lib(window.obj)' or at 'C:\Users\Gyatso\Google Drive\Documents\1. Cal Poly\1. Y3Q3\CSC 474\Projects\Program 1\progterrain\Debug\glfw.pdb'; linking object as if no debug info
glfw3.lib(win32_init.obj) : warning LNK4099: PDB 'glfw.pdb' was not found with 'glfw3.lib(win32_init.obj)' or at 'C:\Users\Gyatso\Google Drive\Documents\1. Cal Poly\1. Y3Q3\CSC 474\Projects\Program 1\progterrain\Debug\glfw.pdb'; linking object as if no debug info
glfw3.lib(win32_joystick.obj) : warning LNK4099: PDB 'glfw.pdb' was not found with 'glfw3.lib(win32_joystick.obj)' or at 'C:\Users\Gyatso\Google Drive\Documents\1. Cal Poly\1. Y3Q3\CSC 474\Projects\Program 1\progterrain\Debug\glfw.pdb'; linking object as if no debug info
glfw3.lib(win32_monitor.obj) : warning LNK4099: PDB 'glfw.pdb' was not found with 'glfw3.lib(win32_monitor.obj)' or at 'C:\Users\Gyatso\Google Drive\Documents\1. Cal Poly\1. Y3Q3\CSC 474\Projects\Program 1\progterrain\Debug\glfw.pdb'; linking object as if no debug info
glfw3.lib(win32_time.obj) : warning LNK4099: PDB 'glfw.pdb' was not found with 'glfw3.lib(win32_time.obj)' or at 'C:\Users\Gyatso\Google Drive\Documents\1. Cal Poly\1. Y3Q3\CSC 474\Projects\Program 1\progterrain\Debug\glfw.pdb'; linking object as if no debug info
glfw3.lib(win32_tls.obj) : warning LNK4099: PDB 'glfw.pdb' was not found with 'glfw3.lib(win32_tls.obj)' or at 'C:\Users\Gyatso\Google Drive\Documents\1. Cal Poly\1. Y3Q3\CSC 474\Projects\Program 1\progterrain\Debug\glfw.pdb'; linking object as if no debug info
glfw3.lib(win32_window.obj) : warning LNK4099: PDB 'glfw.pdb' was not found with 'glfw3.lib(win32_window.obj)' or at 'C:\Users\Gyatso\Google Drive\Documents\1. Cal Poly\1. Y3Q3\CSC 474\Projects\Program 1\progterrain\Debug\glfw.pdb'; linking object as if no debug info
glfw3.lib(wgl_context.obj) : warning LNK4099: PDB 'glfw.pdb' was not found with 'glfw3.lib(wgl_context.obj)' or at 'C:\Users\Gyatso\Google Drive\Documents\1. Cal Poly\1. Y3Q3\CSC 474\Projects\Program 1\progterrain\Debug\glfw.pdb'; linking object as if no debug info
glfw3.lib(egl_context.obj) : warning LNK4099: PDB 'glfw.pdb' was not found with 'glfw3.lib(egl_context.obj)' or at 'C:\Users\Gyatso\Google Drive\Documents\1. Cal Poly\1. Y3Q3\CSC 474\Projects\Program 1\progterrain\Debug\glfw.pdb'; linking object as if no debug info
  progterrain.vcxproj -> C:\Users\Gyatso\Google Drive\Documents\1. Cal Poly\1. Y3Q3\CSC 474\Projects\Program 1\progterrain\Debug\progterrain.exe
